<TEI xmlns="http://www.tei-c.org/ns/1.0" xmlns:telota="http://www.telota.de" telota:doctype="letter mega" xml:id="mega_nqh_fsn_tz">
    <teiHeader>
        <fileDesc>
            <titleStmt>
                <title>Wer an wen, vor dem x. y. 1866</title>
            </titleStmt>
            <publicationStmt>
                <publisher>Berlin-Brandenburgische Akademie der Wissenschaften (BBAW)</publisher>
            </publicationStmt>
            <sourceDesc>
                <msDesc rend="manuscript">
                    <msIdentifier>
                        <institution/>
                        <collection/>
                        <idno><idno type="shelfmark"/></idno>
                    </msIdentifier>
                </msDesc>
            </sourceDesc>
        </fileDesc>
        <profileDesc>
            <correspDesc>
                <correspAction type="sent">
                    <persName key="pdrPo.001.004.000003187">Meyer, Sigfrid (1840-1872)</persName>
                </correspAction>
                <correspAction type="received">
                    <persName key="ed_ats_ysj_wx">Marx, Karl (1818-1883)</persName>
                </correspAction>
            </correspDesc>
            <abstract>
                <p>Inhalt nicht Ã¼berlieferter Brief, woher wir <ref target="B00119">davon
                        wissen</ref> etc.</p>
            </abstract>
        </profileDesc>
    </teiHeader>
    <text type="letter">
        <body>
            <div type="writingSession">
                <opener>
                    <dateline/>
					<salute/>
                </opener>
				<p/>
				<closer>
					<salute/>
					<signed/>
				</closer>
            </div>
        </body>
    </text>
</TEI>